{"C:\\mystuff\\UofU Bootcamp\\projects\\notetaker\\lib\\notes.js": {"path":"C:\\mystuff\\UofU Bootcamp\\projects\\notetaker\\lib\\notes.js","statementMap":{"0":{"start":{"line":1,"column":11},"end":{"line":1,"column":24}},"1":{"start":{"line":2,"column":13},"end":{"line":2,"column":28}},"2":{"start":{"line":5,"column":15},"end":{"line":5,"column":19}},"3":{"start":{"line":6,"column":2},"end":{"line":6,"column":24}},"4":{"start":{"line":7,"column":2},"end":{"line":10,"column":4}},"5":{"start":{"line":11,"column":2},"end":{"line":11,"column":14}},"6":{"start":{"line":15,"column":2},"end":{"line":15,"column":56}},"7":{"start":{"line":15,"column":41},"end":{"line":15,"column":55}},"8":{"start":{"line":16,"column":2},"end":{"line":19,"column":4}},"9":{"start":{"line":20,"column":2},"end":{"line":20,"column":20}},"10":{"start":{"line":24,"column":2},"end":{"line":26,"column":3}},"11":{"start":{"line":25,"column":4},"end":{"line":25,"column":17}},"12":{"start":{"line":27,"column":2},"end":{"line":29,"column":3}},"13":{"start":{"line":28,"column":4},"end":{"line":28,"column":17}},"14":{"start":{"line":31,"column":2},"end":{"line":31,"column":14}},"15":{"start":{"line":35,"column":17},"end":{"line":35,"column":61}},"16":{"start":{"line":35,"column":43},"end":{"line":35,"column":57}},"17":{"start":{"line":37,"column":2},"end":{"line":37,"column":16}},"18":{"start":{"line":40,"column":0},"end":{"line":45,"column":2}}},"fnMap":{"0":{"name":"createNewNote","decl":{"start":{"line":4,"column":9},"end":{"line":4,"column":22}},"loc":{"start":{"line":4,"column":41},"end":{"line":12,"column":1}},"line":4},"1":{"name":"deleteNote","decl":{"start":{"line":14,"column":9},"end":{"line":14,"column":19}},"loc":{"start":{"line":14,"column":36},"end":{"line":21,"column":1}},"line":14},"2":{"name":"(anonymous_2)","decl":{"start":{"line":15,"column":33},"end":{"line":15,"column":34}},"loc":{"start":{"line":15,"column":41},"end":{"line":15,"column":55}},"line":15},"3":{"name":"validateNote","decl":{"start":{"line":23,"column":9},"end":{"line":23,"column":21}},"loc":{"start":{"line":23,"column":28},"end":{"line":32,"column":1}},"line":23},"4":{"name":"findById","decl":{"start":{"line":34,"column":9},"end":{"line":34,"column":17}},"loc":{"start":{"line":34,"column":34},"end":{"line":38,"column":1}},"line":34},"5":{"name":"(anonymous_5)","decl":{"start":{"line":35,"column":35},"end":{"line":35,"column":36}},"loc":{"start":{"line":35,"column":43},"end":{"line":35,"column":57}},"line":35}},"branchMap":{"0":{"loc":{"start":{"line":24,"column":2},"end":{"line":26,"column":3}},"type":"if","locations":[{"start":{"line":24,"column":2},"end":{"line":26,"column":3}},{"start":{"line":24,"column":2},"end":{"line":26,"column":3}}],"line":24},"1":{"loc":{"start":{"line":24,"column":6},"end":{"line":24,"column":51}},"type":"binary-expr","locations":[{"start":{"line":24,"column":6},"end":{"line":24,"column":17}},{"start":{"line":24,"column":21},"end":{"line":24,"column":51}}],"line":24},"2":{"loc":{"start":{"line":27,"column":2},"end":{"line":29,"column":3}},"type":"if","locations":[{"start":{"line":27,"column":2},"end":{"line":29,"column":3}},{"start":{"line":27,"column":2},"end":{"line":29,"column":3}}],"line":27},"3":{"loc":{"start":{"line":27,"column":6},"end":{"line":27,"column":49}},"type":"binary-expr","locations":[{"start":{"line":27,"column":6},"end":{"line":27,"column":16}},{"start":{"line":27,"column":20},"end":{"line":27,"column":49}}],"line":27}},"s":{"0":1,"1":1,"2":1,"3":1,"4":1,"5":1,"6":1,"7":2,"8":1,"9":1,"10":4,"11":1,"12":3,"13":1,"14":2,"15":2,"16":4,"17":2,"18":1},"f":{"0":1,"1":1,"2":2,"3":4,"4":2,"5":4},"b":{"0":[1,3],"1":[4,3],"2":[1,2],"3":[3,2]},"_coverageSchema":"1a1c01bbd47fc00a2c39e90264f33305004495a9","hash":"c185443aa2aa31ae79c0fc7e7462502d5c1371b7"}
}
