TN:
SF:lib\notes.js
FN:4,createNewNote
FN:14,deleteNote
FN:15,(anonymous_2)
FN:23,validateNote
FN:34,findById
FN:35,(anonymous_5)
FNF:6
FNH:6
FNDA:1,createNewNote
FNDA:1,deleteNote
FNDA:2,(anonymous_2)
FNDA:4,validateNote
FNDA:2,findById
FNDA:4,(anonymous_5)
DA:1,1
DA:2,1
DA:5,1
DA:6,1
DA:7,1
DA:11,1
DA:15,2
DA:16,1
DA:20,1
DA:24,4
DA:25,1
DA:27,3
DA:28,1
DA:31,2
DA:35,4
DA:37,2
DA:40,1
LF:17
LH:17
BRDA:24,0,0,1
BRDA:24,0,1,3
BRDA:24,1,0,4
BRDA:24,1,1,3
BRDA:27,2,0,1
BRDA:27,2,1,2
BRDA:27,3,0,3
BRDA:27,3,1,2
BRF:8
BRH:8
end_of_record
